[debug] [2023-09-25T14:34:27.897Z] ----------------------------------------------------------------------
[debug] [2023-09-25T14:34:27.905Z] Command:       C:\Program Files\nodejs\node.exe C:\Users\HP\AppData\Roaming\npm\node_modules\firebase-tools\lib\bin\firebase.js init
[debug] [2023-09-25T14:34:27.906Z] CLI Version:   12.5.4
[debug] [2023-09-25T14:34:27.907Z] Platform:      win32
[debug] [2023-09-25T14:34:27.907Z] Node Version:  v16.17.1
[debug] [2023-09-25T14:34:27.909Z] Time:          Mon Sep 25 2023 09:34:27 GMT-0500 (Central Daylight Time)
[debug] [2023-09-25T14:34:27.910Z] ----------------------------------------------------------------------
[debug] 
[debug] [2023-09-25T14:34:27.932Z] > command requires scopes: ["email","openid","https://www.googleapis.com/auth/cloudplatformprojects.readonly","https://www.googleapis.com/auth/firebase","https://www.googleapis.com/auth/cloud-platform"]
[debug] [2023-09-25T14:34:27.933Z] > authorizing via signed-in user (deekshith.gunda7@gmail.com)
[info] 
     ######## #### ########  ######## ########     ###     ######  ########
     ##        ##  ##     ## ##       ##     ##  ##   ##  ##       ##
     ######    ##  ########  ######   ########  #########  ######  ######
     ##        ##  ##    ##  ##       ##     ## ##     ##       ## ##
     ##       #### ##     ## ######## ########  ##     ##  ######  ########

You're about to initialize a Firebase project in this directory:

  D:\DeekshithGunda\SelfBootCamp\React\socialmedia

[info] 
=== Project Setup
[info] 
[info] First, let's associate this project directory with a Firebase project.
[info] You can create multiple project aliases by running firebase use --add, 
[info] but for now we'll just set up a default project.
[info] 
[debug] [2023-09-25T14:36:01.728Z] >>> [apiv2][query] GET https://firebase.googleapis.com/v1beta1/projects pageSize=100
[debug] [2023-09-25T14:36:02.182Z] <<< [apiv2][status] GET https://firebase.googleapis.com/v1beta1/projects 200
[debug] [2023-09-25T14:36:02.182Z] <<< [apiv2][body] GET https://firebase.googleapis.com/v1beta1/projects [omitted]
[info] i  Using project socialmedia-cd534 (socialmedia) 
[info] 
=== Hosting Setup
[info] 
[info] Your public directory is the folder (relative to your project directory) that
[info] will contain Hosting assets to be uploaded with firebase deploy. If you
[info] have a build process for your assets, use your build's output directory.
[info] 
[info] +  Wrote build/404.html 
[debug] [2023-09-25T14:44:56.924Z] >>> [apiv2][query] GET https://www.gstatic.com/firebasejs/releases.json [none]
[debug] [2023-09-25T14:44:57.015Z] <<< [apiv2][status] GET https://www.gstatic.com/firebasejs/releases.json 200
[debug] [2023-09-25T14:44:57.017Z] <<< [apiv2][body] GET https://www.gstatic.com/firebasejs/releases.json {"current":{"version":"10.4.0","browserURL":"https://www.gstatic.com/firebasejs/10.4.0/firebase.js","packageURL":"https://www.gstatic.com/firebasejs/10.4.0/firebase.tgz"},"live":{"version":"10.4","browserURL":"https://www.gstatic.com/firebasejs/live/10.4/firebase.js","packageURL":"https://www.gstatic.com/firebasejs/live/10.4/firebase.tgz"},"components":{"analytics":"https://www.gstatic.com/firebasejs/10.4.0/firebase-analytics.js","app":"https://www.gstatic.com/firebasejs/10.4.0/firebase-app.js","app-check":"https://www.gstatic.com/firebasejs/10.4.0/firebase-app-check.js","auth":"https://www.gstatic.com/firebasejs/10.4.0/firebase-auth.js","auth/cordova":"https://www.gstatic.com/firebasejs/10.4.0/firebase-auth/cordova.js","functions":"https://www.gstatic.com/firebasejs/10.4.0/firebase-functions.js","firestore":"https://www.gstatic.com/firebasejs/10.4.0/firebase-firestore.js","firestore/lite":"https://www.gstatic.com/firebasejs/10.4.0/firebase-firestore/lite.js","installations":"https://www.gstatic.com/firebasejs/10.4.0/firebase-installations.js","storage":"https://www.gstatic.com/firebasejs/10.4.0/firebase-storage.js","performance":"https://www.gstatic.com/firebasejs/10.4.0/firebase-performance.js","remote-config":"https://www.gstatic.com/firebasejs/10.4.0/firebase-remote-config.js","messaging":"https://www.gstatic.com/firebasejs/10.4.0/firebase-messaging.js","messaging/sw":"https://www.gstatic.com/firebasejs/10.4.0/firebase-messaging/sw.js","database":"https://www.gstatic.com/firebasejs/10.4.0/firebase-database.js","firestore.memory":"https://www.gstatic.com/firebasejs/10.4.0/firebase-firestore.memory.js"}}
[info] i  Skipping write of build/index.html 
[info] 
[info] i  Detected a .git folder at D:\DeekshithGunda\SelfBootCamp\React\socialmedia 
[info] i  Authorizing with GitHub to upload your service account to a GitHub repository's secrets store. 
[info] 
[info] Visit this URL on this device to log in:
[info] https://github.com/login/oauth/authorize?client_id=89cf50f02ac6aaed3484&state=813152005&redirect_uri=http%3A%2F%2Flocalhost%3A9005&scope=read%3Auser%20repo%20public_repo
[info] 
[info] Waiting for authentication...
[debug] [2023-09-25T14:45:48.398Z] >>> [apiv2][query] POST https://github.com/login/oauth/access_token [none]
[debug] [2023-09-25T14:45:48.399Z] >>> [apiv2][body] POST https://github.com/login/oauth/access_token [stream]
[debug] [2023-09-25T14:45:48.575Z] <<< [apiv2][status] POST https://github.com/login/oauth/access_token 200
[debug] [2023-09-25T14:45:48.575Z] <<< [apiv2][body] POST https://github.com/login/oauth/access_token {"access_token":"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","token_type":"bearer","scope":"read:user,repo"}
[debug] [2023-09-25T14:45:48.587Z] >>> [apiv2][query] GET https://api.github.com/user [none]
[debug] [2023-09-25T14:45:48.818Z] <<< [apiv2][status] GET https://api.github.com/user 200
[debug] [2023-09-25T14:45:48.819Z] <<< [apiv2][body] GET https://api.github.com/user {"login":"deekshithgunda7","id":42885109,"node_id":"MDQ6VXNlcjQyODg1MTA5","avatar_url":"https://avatars.githubusercontent.com/u/42885109?v=4","gravatar_id":"","url":"https://api.github.com/users/deekshithgunda7","html_url":"https://github.com/deekshithgunda7","followers_url":"https://api.github.com/users/deekshithgunda7/followers","following_url":"https://api.github.com/users/deekshithgunda7/following{/other_user}","gists_url":"https://api.github.com/users/deekshithgunda7/gists{/gist_id}","starred_url":"https://api.github.com/users/deekshithgunda7/starred{/owner}{/repo}","subscriptions_url":"https://api.github.com/users/deekshithgunda7/subscriptions","organizations_url":"https://api.github.com/users/deekshithgunda7/orgs","repos_url":"https://api.github.com/users/deekshithgunda7/repos","events_url":"https://api.github.com/users/deekshithgunda7/events{/privacy}","received_events_url":"https://api.github.com/users/deekshithgunda7/received_events","type":"User","site_admin":false,"name":"Deekshith Gunda","company":null,"blog":"","location":null,"email":null,"hireable":null,"bio":null,"twitter_username":null,"public_repos":6,"public_gists":0,"followers":1,"following":1,"created_at":"2018-09-01T05:41:22Z","updated_at":"2023-08-17T03:14:53Z","private_gists":0,"total_private_repos":3,"owned_private_repos":3,"disk_usage":50991,"collaborators":1,"two_factor_authentication":false,"plan":{"name":"free","space":976562499,"collaborators":0,"private_repos":10000}}
[info] 
[info] +  Success! Logged into GitHub as deekshithgunda7 
[info] 
